<?xml version="1.0" encoding="UTF-8"?>
<testng-results total="3" passed="3" failed="0" skipped="0">
  <reporter-output>
  </reporter-output>
  <suite started-at="2023-08-04T13:06:39Z" name="Default suite" finished-at="2023-08-04T13:06:49Z" duration-ms="9978">
    <groups>
    </groups>
    <test started-at="2023-08-04T13:06:39Z" name="Default test" finished-at="2023-08-04T13:06:49Z" duration-ms="9978">
      <class name="testcases.LoginPageTest">
        <test-method is-config="true" signature="setUp()[pri:0, instance:testcases.LoginPageTest@3f67593e]" started-at="2023-08-04T18:36:39Z" name="setUp" finished-at="2023-08-04T18:36:48Z" duration-ms="9333" status="PASS">
          <reporter-output>
          </reporter-output>
        </test-method> <!-- setUp -->
        <test-method signature="loginPageTitleTest()[pri:0, instance:testcases.LoginPageTest@3f67593e]" started-at="2023-08-04T18:36:48Z" name="loginPageTitleTest" finished-at="2023-08-04T18:36:48Z" duration-ms="28" status="PASS">
          <reporter-output>
          </reporter-output>
        </test-method> <!-- loginPageTitleTest -->
        <test-method signature="lmxLogoImageTest()[pri:0, instance:testcases.LoginPageTest@3f67593e]" started-at="2023-08-04T18:36:48Z" name="lmxLogoImageTest" finished-at="2023-08-04T18:36:48Z" duration-ms="101" status="PASS">
          <reporter-output>
          </reporter-output>
        </test-method> <!-- lmxLogoImageTest -->
        <test-method signature="loginTest()[pri:0, instance:testcases.LoginPageTest@3f67593e]" started-at="2023-08-04T18:36:48Z" name="loginTest" finished-at="2023-08-04T18:36:49Z" duration-ms="494" status="PASS">
          <reporter-output>
          </reporter-output>
        </test-method> <!-- loginTest -->
      </class> <!-- testcases.LoginPageTest -->
    </test> <!-- Default test -->
  </suite> <!-- Default suite -->
</testng-results>
